TN:
SF:src\components\CreateThreadForm.tsx
FN:22,CreateThreadForm
FN:33,(anonymous_2)
FN:65,(anonymous_3)
FNF:3
FNH:3
FNDA:16,CreateThreadForm
FNDA:3,(anonymous_2)
FNDA:70,(anonymous_3)
DA:1,1
DA:2,1
DA:3,1
DA:4,1
DA:5,1
DA:6,1
DA:7,1
DA:8,1
DA:9,1
DA:22,1
DA:23,16
DA:24,16
DA:33,16
DA:34,3
DA:35,3
DA:36,3
DA:37,3
DA:42,2
DA:43,2
DA:47,2
DA:49,1
DA:55,3
DA:59,16
DA:66,70
LF:24
LH:24
BRDA:34,0,0,0
BRDA:84,1,0,1
BRDA:84,1,1,15
BRF:3
BRH:2
end_of_record
TN:
SF:src\components\MemoryView.tsx
FN:14,MemoryView
FNF:1
FNH:1
FNDA:11,MemoryView
DA:1,2
DA:3,2
DA:4,2
DA:5,2
DA:6,2
DA:7,2
DA:8,2
DA:14,2
DA:15,11
LF:9
LH:9
BRDA:32,0,0,11
BRDA:32,0,1,8
BRDA:37,1,0,11
BRDA:37,1,1,2
BRDA:37,1,2,1
BRDA:43,2,0,11
BRDA:43,2,1,2
BRDA:43,2,2,1
BRF:8
BRH:8
end_of_record
TN:
SF:src\components\ThreadList.tsx
FN:24,ThreadList
FN:32,(anonymous_7)
FN:34,(anonymous_8)
FN:38,(anonymous_9)
FN:43,(anonymous_10)
FN:56,(anonymous_11)
FN:61,(anonymous_12)
FN:84,(anonymous_13)
FN:106,(anonymous_14)
FN:115,(anonymous_15)
FN:127,(anonymous_16)
FN:149,(anonymous_17)
FN:156,(anonymous_18)
FN:168,(anonymous_19)
FN:179,(anonymous_20)
FNF:15
FNH:13
FNDA:31,ThreadList
FNDA:5,(anonymous_7)
FNDA:0,(anonymous_8)
FNDA:5,(anonymous_9)
FNDA:5,(anonymous_10)
FNDA:1,(anonymous_11)
FNDA:1,(anonymous_12)
FNDA:1,(anonymous_13)
FNDA:52,(anonymous_14)
FNDA:16,(anonymous_15)
FNDA:0,(anonymous_16)
FNDA:1,(anonymous_17)
FNDA:1,(anonymous_18)
FNDA:1,(anonymous_19)
FNDA:1,(anonymous_20)
DA:1,1
DA:2,1
DA:4,1
DA:5,1
DA:6,1
DA:7,1
DA:8,1
DA:18,1
DA:24,1
DA:25,31
DA:26,31
DA:27,31
DA:28,31
DA:29,31
DA:30,31
DA:32,31
DA:33,5
DA:34,5
DA:35,0
DA:38,5
DA:39,5
DA:43,31
DA:44,5
DA:45,5
DA:46,4
DA:48,1
DA:56,31
DA:57,1
DA:58,1
DA:61,31
DA:62,1
DA:64,1
DA:65,1
DA:66,1
DA:67,1
DA:68,1
DA:69,1
DA:74,0
DA:80,1
DA:84,31
DA:85,1
DA:86,1
DA:87,1
DA:88,1
DA:89,1
DA:94,0
DA:100,1
DA:104,31
DA:107,52
DA:115,16
DA:127,0
DA:149,1
DA:156,1
DA:168,1
DA:179,1
LF:55
LH:51
BRDA:62,0,0,0
BRDA:111,1,0,18
BRDA:111,1,1,34
BRDA:140,2,0,34
BRDA:140,2,1,0
BRDA:144,3,0,34
BRDA:144,3,1,8
BRDA:179,4,0,1
BRDA:179,4,1,1
BRF:9
BRH:7
end_of_record
TN:
SF:src\components\ui\Spinner.tsx
FN:7,Spinner
FNF:1
FNH:1
FNDA:1,Spinner
DA:1,3
DA:7,3
DA:8,1
LF:3
LH:3
BRF:0
BRH:0
end_of_record
TN:
SF:src\components\ui\alert-dialog.tsx
FN:16,(anonymous_6)
FN:31,(anonymous_7)
FN:46,(anonymous_8)
FN:60,(anonymous_9)
FN:77,(anonymous_10)
FN:89,(anonymous_11)
FN:102,(anonymous_12)
FN:114,(anonymous_13)
FNF:8
FNH:8
FNDA:3,(anonymous_6)
FNDA:31,(anonymous_7)
FNDA:2,(anonymous_8)
FNDA:2,(anonymous_9)
FNDA:2,(anonymous_10)
FNDA:2,(anonymous_11)
FNDA:2,(anonymous_12)
FNDA:2,(anonymous_13)
DA:1,1
DA:2,1
DA:4,1
DA:5,1
DA:7,1
DA:9,1
DA:11,1
DA:13,1
DA:17,3
DA:26,1
DA:28,1
DA:32,31
DA:44,1
DA:46,1
DA:50,2
DA:58,1
DA:60,1
DA:64,2
DA:72,1
DA:74,1
DA:78,2
DA:84,1
DA:86,1
DA:90,2
DA:96,1
DA:99,1
DA:103,2
DA:109,1
DA:111,1
DA:115,2
DA:125,1
DA:128,1
DA:129,1
DA:130,1
DA:131,1
DA:132,1
DA:133,1
DA:134,1
DA:135,1
DA:136,1
DA:137,1
DA:138,1
LF:42
LH:42
BRF:0
BRH:0
end_of_record
TN:
SF:src\components\ui\button.tsx
FN:43,(anonymous_6)
FNF:1
FNH:1
FNDA:82,(anonymous_6)
DA:1,3
DA:3,3
DA:4,3
DA:5,3
DA:6,3
DA:8,3
DA:42,3
DA:44,82
DA:46,82
DA:60,3
DA:62,3
LF:11
LH:11
BRDA:43,0,0,43
BRDA:43,1,0,63
BRDA:43,2,0,81
BRDA:44,3,0,82
BRDA:44,3,1,77
BRDA:51,4,0,1
BRDA:51,4,1,81
BRDA:54,5,0,82
BRDA:54,5,1,1
BRF:9
BRH:9
end_of_record
TN:
SF:src\components\ui\card.tsx
FN:8,(anonymous_6)
FN:23,(anonymous_7)
FN:35,(anonymous_8)
FN:50,(anonymous_9)
FN:62,(anonymous_10)
FN:70,(anonymous_11)
FNF:6
FNH:4
FNDA:11,(anonymous_6)
FNDA:11,(anonymous_7)
FNDA:11,(anonymous_8)
FNDA:0,(anonymous_9)
FNDA:11,(anonymous_10)
FNDA:0,(anonymous_11)
DA:1,2
DA:3,2
DA:5,2
DA:9,11
DA:18,2
DA:20,2
DA:24,11
DA:30,2
DA:32,2
DA:36,11
DA:45,2
DA:47,2
DA:51,0
DA:57,2
DA:59,2
DA:63,11
DA:65,2
DA:67,2
DA:71,0
DA:77,2
DA:79,2
LF:21
LH:19
BRF:0
BRH:0
end_of_record
TN:
SF:src\components\ui\form.tsx
FN:29,(anonymous_6)
FN:42,(anonymous_7)
FN:76,(anonymous_8)
FN:90,(anonymous_9)
FN:107,(anonymous_10)
FN:129,(anonymous_11)
FN:146,(anonymous_12)
FNF:7
FNH:5
FNDA:16,(anonymous_6)
FNDA:140,(anonymous_7)
FNDA:70,(anonymous_8)
FNDA:0,(anonymous_9)
FNDA:70,(anonymous_10)
FNDA:0,(anonymous_11)
FNDA:70,(anonymous_12)
DA:1,1
DA:3,1
DA:4,1
DA:13,1
DA:14,1
DA:16,1
DA:25,1
DA:29,1
DA:35,16
DA:42,1
DA:43,140
DA:44,140
DA:45,140
DA:47,140
DA:49,140
DA:50,0
DA:53,140
DA:55,140
DA:69,1
DA:73,1
DA:77,70
DA:79,70
DA:85,1
DA:87,1
DA:91,0
DA:93,0
DA:102,1
DA:104,1
DA:108,70
DA:110,70
DA:124,1
DA:126,1
DA:130,0
DA:132,0
DA:141,1
DA:143,1
DA:147,70
DA:148,70
DA:150,70
DA:151,69
DA:154,1
DA:165,1
DA:168,1
DA:169,1
DA:170,1
DA:171,1
DA:172,1
DA:173,1
DA:174,1
DA:175,1
LF:50
LH:45
BRDA:49,0,0,0
BRDA:96,1,0,0
BRDA:96,1,1,0
BRDA:115,2,0,69
BRDA:115,2,1,1
BRDA:148,3,0,1
BRDA:148,3,1,69
BRDA:150,4,0,69
BRF:8
BRH:5
end_of_record
TN:
SF:src\components\ui\input.tsx
FN:10,(anonymous_6)
FNF:1
FNH:1
FNDA:11,(anonymous_6)
DA:1,1
DA:3,1
DA:9,1
DA:11,11
DA:12,11
DA:13,11
DA:15,11
DA:31,1
DA:33,1
LF:9
LH:9
BRDA:12,0,0,1
BRDA:12,0,1,10
BRDA:13,1,0,1
BRDA:13,1,1,10
BRDA:23,2,0,11
BRDA:23,2,1,1
BRDA:23,2,2,1
BRF:7
BRH:7
end_of_record
TN:
SF:src\components\ui\label.tsx
FN:15,(anonymous_6)
FNF:1
FNH:0
FNDA:0,(anonymous_6)
DA:1,1
DA:2,1
DA:3,1
DA:5,1
DA:7,1
DA:11,1
DA:16,0
DA:22,1
DA:24,1
LF:9
LH:8
BRF:0
BRH:0
end_of_record
TN:
SF:src\components\ui\tabs.tsx
FN:11,(anonymous_6)
FN:26,(anonymous_7)
FN:41,(anonymous_8)
FNF:3
FNH:3
FNDA:11,(anonymous_6)
FNDA:22,(anonymous_7)
FNDA:22,(anonymous_8)
DA:1,2
DA:2,2
DA:4,2
DA:6,2
DA:8,2
DA:12,11
DA:21,2
DA:23,2
DA:27,22
DA:36,2
DA:38,2
DA:42,22
DA:51,2
DA:53,2
LF:14
LH:14
BRF:0
BRH:0
end_of_record
TN:
SF:src\components\ui\textarea.tsx
FN:9,(anonymous_6)
FNF:1
FNH:1
FNDA:88,(anonymous_6)
DA:1,2
DA:3,2
DA:8,2
DA:10,88
DA:22,2
DA:24,2
LF:6
LH:6
BRF:0
BRH:0
end_of_record
TN:
SF:src\lib\types.ts
FNF:0
FNH:0
DA:1,1
DA:4,1
DA:13,1
DA:23,1
DA:37,1
DA:48,1
DA:52,1
DA:81,1
DA:87,1
LF:9
LH:9
BRF:0
BRH:0
end_of_record
TN:
SF:src\lib\utils.ts
FN:4,cn
FNF:1
FNH:1
FNDA:398,cn
DA:1,6
DA:2,6
DA:4,6
DA:5,398
LF:4
LH:4
BRF:0
BRH:0
end_of_record
